2020-08-29 14:14:12 INFO  Log:11 - Test Started....printAllHeaders
2020-08-29 14:14:15 INFO  Log:11 - Failure of test cases : printAllHeaders
2020-08-29 14:14:15 INFO  Log:11 - Test Started....responseUsingCapital
2020-08-29 14:14:16 INFO  Log:11 - Failure of test cases : responseUsingCapital
2020-08-29 14:14:16 INFO  Log:11 - Test Started....responseUsingCurrency
2020-08-29 14:14:21 INFO  Log:11 - Success of test cases  : responseUsingCurrency
2020-08-29 14:14:21 INFO  Log:11 - Test Started....responseUsingFullName
2020-08-29 14:14:22 INFO  Log:11 - Failure of test cases : responseUsingFullName
2020-08-29 14:14:22 INFO  Log:11 - Test Started....responseUsingLanguage
2020-08-29 14:14:22 INFO  Log:11 - Failure of test cases : responseUsingLanguage
2020-08-29 14:14:22 INFO  Log:11 - Test Started....responseUsingListOfCodes
2020-08-29 14:14:23 INFO  Log:11 - Success of test cases  : responseUsingListOfCodes
2020-08-29 14:14:23 INFO  Log:11 - Test Started....Method1
2020-08-29 14:14:39 INFO  Log:11 - Success of test cases  : Method1
2020-08-29 14:14:39 INFO  Log:11 - Test Started....Method2
2020-08-29 14:15:11 INFO  Log:11 - Failure of test cases : Method2
2020-08-29 14:15:11 INFO  Log:11 - Test Started....extractCountryname
2020-08-29 14:15:27 INFO  Log:11 - Success of test cases  : extractCountryname
2020-08-29 14:16:57 INFO  Log:11 - Test Started....responseUsingCapital
2020-08-29 14:17:00 INFO  Log:11 - Success of test cases  : responseUsingCapital
2020-08-29 14:17:00 INFO  Log:11 - Test Started....responseUsingCurrency
2020-08-29 14:17:01 INFO  Log:11 - Success of test cases  : responseUsingCurrency
2020-08-29 14:17:01 INFO  Log:11 - Test Started....responseUsingFullName
2020-08-29 14:17:01 INFO  Log:11 - Success of test cases  : responseUsingFullName
2020-08-29 14:17:01 INFO  Log:11 - Test Started....responseUsingLanguage
2020-08-29 14:17:02 INFO  Log:11 - Success of test cases  : responseUsingLanguage
2020-08-29 14:17:02 INFO  Log:11 - Test Started....responseUsingListOfCodes
2020-08-29 14:17:03 INFO  Log:11 - Success of test cases  : responseUsingListOfCodes
2020-08-29 14:17:03 INFO  Log:11 - Test Started....Method1
2020-08-29 14:17:03 INFO  Log:11 - Success of test cases  : Method1
2020-08-29 14:17:03 INFO  Log:11 - Test Started....Method2
2020-08-29 14:17:04 INFO  Log:11 - Success of test cases  : Method2
2020-08-29 14:17:04 INFO  Log:11 - Test Started....printAllHeaders
2020-08-29 14:17:05 INFO  Log:11 - Success of test cases  : printAllHeaders
2020-08-29 14:17:05 INFO  Log:11 - Test Started....extractCountryname
2020-08-29 14:17:06 INFO  Log:11 - Success of test cases  : extractCountryname
2020-08-29 14:18:08 INFO  Log:11 - Test Started....printAllHeaders
2020-08-29 14:18:12 INFO  Log:11 - Success of test cases  : printAllHeaders
2020-08-29 14:18:12 INFO  Log:11 - Test Started....responseUsingCapital
2020-08-29 14:18:12 INFO  Log:11 - Success of test cases  : responseUsingCapital
2020-08-29 14:18:12 INFO  Log:11 - Test Started....responseUsingCurrency
2020-08-29 14:18:13 INFO  Log:11 - Success of test cases  : responseUsingCurrency
2020-08-29 14:18:13 INFO  Log:11 - Test Started....responseUsingFullName
2020-08-29 14:18:14 INFO  Log:11 - Success of test cases  : responseUsingFullName
2020-08-29 14:18:14 INFO  Log:11 - Test Started....responseUsingLanguage
2020-08-29 14:18:14 INFO  Log:11 - Success of test cases  : responseUsingLanguage
2020-08-29 14:18:14 INFO  Log:11 - Test Started....responseUsingListOfCodes
2020-08-29 14:18:15 INFO  Log:11 - Success of test cases  : responseUsingListOfCodes
2020-08-29 14:18:15 INFO  Log:11 - Test Started....Method1
2020-08-29 14:18:16 INFO  Log:11 - Success of test cases  : Method1
2020-08-29 14:18:16 INFO  Log:11 - Test Started....Method2
2020-08-29 14:18:17 INFO  Log:11 - Success of test cases  : Method2
2020-08-29 14:18:17 INFO  Log:11 - Test Started....extractCountryname
2020-08-29 14:18:17 INFO  Log:11 - Success of test cases  : extractCountryname
2020-08-29 14:28:41 INFO  Log:11 - Test Started....printAllHeaders
2020-08-29 14:28:44 INFO  Log:11 - Success of test cases  : printAllHeaders
2020-08-29 14:29:12 INFO  Log:11 - Test Started....printAllHeaders
2020-08-29 14:29:14 INFO  Log:11 - Success of test cases  : printAllHeaders
2020-08-29 14:30:14 INFO  Log:11 - Test Started....printAllHeaders
2020-08-29 14:30:17 INFO  Log:11 - Success of test cases  : printAllHeaders
2020-08-29 17:36:25 INFO  Log:11 - Test Started....printAllHeaders
2020-08-29 17:36:28 INFO  Log:11 - Success of test cases  : printAllHeaders
2020-08-29 17:41:43 INFO  Log:11 - Test Started....printAllHeaders
2020-08-29 17:41:47 INFO  Log:11 - Success of test cases  : printAllHeaders
2020-08-29 18:16:16 INFO  Log:11 - Test Started....manipulateHeaders
2020-08-29 18:16:20 INFO  Log:11 - Success of test cases  : manipulateHeaders
2020-08-29 18:16:20 INFO  Log:11 - Test Started....printAllHeaders
2020-08-29 18:16:22 INFO  Log:11 - Success of test cases  : printAllHeaders
2020-08-29 18:16:22 INFO  Log:11 - Test Started....responseUsingCapital
2020-08-29 18:16:23 INFO  Log:11 - Success of test cases  : responseUsingCapital
2020-08-29 18:16:23 INFO  Log:11 - Test Started....responseUsingCurrency
2020-08-29 18:16:26 INFO  Log:11 - Success of test cases  : responseUsingCurrency
2020-08-29 18:16:26 INFO  Log:11 - Test Started....responseUsingFullName
2020-08-29 18:16:28 INFO  Log:11 - Success of test cases  : responseUsingFullName
2020-08-29 18:16:28 INFO  Log:11 - Test Started....responseUsingLanguage
2020-08-29 18:16:29 INFO  Log:11 - Success of test cases  : responseUsingLanguage
2020-08-29 18:16:29 INFO  Log:11 - Test Started....responseUsingListOfCodes
2020-08-29 18:16:58 INFO  Log:11 - Success of test cases  : responseUsingListOfCodes
2020-08-29 18:16:58 INFO  Log:11 - Test Started....Method1
2020-08-29 18:16:59 INFO  Log:11 - Success of test cases  : Method1
2020-08-29 18:16:59 INFO  Log:11 - Test Started....Method2
2020-08-29 18:17:00 INFO  Log:11 - Success of test cases  : Method2
2020-08-29 18:17:00 INFO  Log:11 - Test Started....extractCountryname
2020-08-29 18:17:05 INFO  Log:11 - Success of test cases  : extractCountryname
2020-09-02 15:57:14 INFO  Log:11 - Test Started....manipulateHeaders
2020-09-02 15:57:18 INFO  Log:11 - Success of test cases  : manipulateHeaders
2020-09-02 15:57:18 INFO  Log:11 - Test Started....printAllHeaders
2020-09-02 15:57:20 INFO  Log:11 - Success of test cases  : printAllHeaders
2020-09-02 15:57:20 INFO  Log:11 - Test Started....responseUsingCapital
2020-09-02 15:57:20 INFO  Log:11 - Success of test cases  : responseUsingCapital
2020-09-02 15:57:20 INFO  Log:11 - Test Started....responseUsingCurrency
2020-09-02 15:57:21 INFO  Log:11 - Success of test cases  : responseUsingCurrency
2020-09-02 15:57:21 INFO  Log:11 - Test Started....responseUsingFullName
2020-09-02 15:57:22 INFO  Log:11 - Success of test cases  : responseUsingFullName
2020-09-02 15:57:22 INFO  Log:11 - Test Started....responseUsingLanguage
2020-09-02 15:57:24 INFO  Log:11 - Success of test cases  : responseUsingLanguage
2020-09-02 15:57:24 INFO  Log:11 - Test Started....responseUsingListOfCodes
2020-09-02 15:57:25 INFO  Log:11 - Success of test cases  : responseUsingListOfCodes
2020-09-02 15:57:25 INFO  Log:11 - Test Started....Method1
2020-09-02 15:57:26 INFO  Log:11 - Success of test cases  : Method1
2020-09-02 15:57:26 INFO  Log:11 - Test Started....Method2
2020-09-02 15:57:27 INFO  Log:11 - Success of test cases  : Method2
2020-09-02 15:57:27 INFO  Log:11 - Test Started....extractCountryname
2020-09-02 15:57:28 INFO  Log:11 - Success of test cases  : extractCountryname
